2022-10-17 15:48:37.456 [main] INFO . - user input: D:\InterlliJ\IntelliJ IDEA Community Edition 2020.2.1\jbr\bin\java.exe,-j,-source,@D:\JavaProject\.idea\code-check\originalReport\codemars\report\codemars_fileList1.lst,-checker,Missing_SecurityManager_Check_Serializable,Weak_Encryption_DiffieHellman,Forbid_Serialize_Nonstatic_Inner_Class,Weak_Encryption_DSA,Privacy_Violation_Serialization,SecurityManager_Privacy_Operation,XXE_SchemaFactory,Weak_Encryption_DH,Insecure_XML_Transform_By_XSLT,XXE_DocumentHelper,Forbid_Synchronize_getClass_Object,Weak_Hash_SHA1WithRSA,XXE_SAXTransformerFactory,Call_Super_GetPermission,Canonical_Path,Forbid_System_Exit,Weak_Hash_ECDSA,Forbid_Thread_Stop,Weak_Encryption_AES,Forbid_Synchronize_Reused_Object,XXE_XMLReaderFactory,Bad_Practices_Sockets,XXE_XMLInputFactory,Privacy_Violation_Password,Weak_Encryption_ARCFOUR,Object_Signed_Encrypted,Weak_Encryption_RC4,Weak_Encryption_RC2,Weak_Encryption_RSA,Weak_Hash_MD2,Weak_Hash_MD5WithRSA,Weak_Encryption_PBKDF2WithHmacMD5,Weak_Hash_SHA1,Invalid_Security_Check,Weak_Cryptographic_Hash_Iteration_Count,Weak_Hash_MD4,Weak_Hash_SHA0,Weak_Hash_MD5,Forbid_Synchronize_Concurrency_Object,IO_Process_WaitFor,XXE_DocumentBuilderFactory,Weak_Encryption_Blowfish,XXE_SAXBuilder,Weak_Cryptographic_Hash_Salt,XXE_SAXParserFactory,Invalid_Read_From_Stream,Zip_Entry_Size,Weak_Hash_SHA1WithDSA,Forbid_Catch_NullPointerException,Forbid_Thread_Run,Weak_Encryption_Inadequate_RSA_Padding,Weak_Encryption_DES,Weak_Hash_SHA1WithECDSA,XXE_DocumentBuilderFactoryImpl,Hardcoded_Password,Weak_Encryption_Insecure_Mode_AES,XXE_TransformerFactory,Ignore_Returned_Value,Weak_Hash_DSA,Assertions_With_Side_Effects,XXE_SAXReader,Lock_Synchronized,Insecure_Instance_Lock,-output,D:\JavaProject\.idea\code-check\originalReport\codemars\report\codemars1.json
2022-10-17 15:48:37.458 [main] INFO . - CodeMars Version:2.1.16
2022-10-17 15:48:37.566 [main] INFO . - SecFinder-Sh doesn't exist
2022-10-17 15:48:37.574 [main] INFO . - SecFinder-Php doesn't exist
2022-10-17 15:48:37.576 [main] INFO . - SecFinder-Lua doesn't exist
2022-10-17 15:48:37.576 [main] INFO . - SecFinder-Kotlin doesn't exist
2022-10-17 15:48:37.576 [main] INFO . - starting analyzing.
2022-10-17 15:48:37.586 [main] INFO . - start collecting report.
2022-10-17 15:48:37.591 [CodeMars1] INFO . - Command: "C:\Users\y30039724\.hicode\CodeCheck\CodeCheckAgent\uccp-app-1.0.0\tools\codemars\engines\SecFinder-J\bin\run_SecFinder-J.bat",-filelist,D:\JavaProject\.idea\code-check\originalReport\codemars\report\SecFinder-J_filelist_2022_10_17_15_48_37_589_5.txt,-f,xml,-R,hw-Missing_SecurityManager_Check_Serializable,hw-Weak_Encryption_DiffieHellman,hw-Forbid_Serialize_Nonstatic_Inner_Class,hw-Weak_Encryption_DSA,hw-Privacy_Violation_Serialization,hw-SecurityManager_Privacy_Operation,hw-XXE_SchemaFactory,hw-Weak_Encryption_DH,hw-Insecure_XML_Transform_By_XSLT,hw-XXE_DocumentHelper,hw-Forbid_Synchronize_getClass_Object,hw-Weak_Hash_SHA1WithRSA,hw-XXE_SAXTransformerFactory,hw-Call_Super_GetPermission,hw-Canonical_Path,hw-Forbid_System_Exit,hw-Weak_Hash_ECDSA,hw-Forbid_Thread_Stop,hw-Weak_Encryption_AES,hw-Forbid_Synchronize_Reused_Object,hw-XXE_XMLReaderFactory,hw-Bad_Practices_Sockets,hw-XXE_XMLInputFactory,hw-Privacy_Violation_Password,hw-Weak_Encryption_ARCFOUR,hw-Object_Signed_Encrypted,hw-Weak_Encryption_RC4,hw-Weak_Encryption_RC2,hw-Weak_Encryption_RSA,hw-Weak_Hash_MD2,hw-Weak_Hash_MD5WithRSA,hw-Weak_Encryption_PBKDF2WithHmacMD5,hw-Weak_Hash_SHA1,hw-Invalid_Security_Check,hw-Weak_Cryptographic_Hash_Iteration_Count,hw-Weak_Hash_MD4,hw-Weak_Hash_SHA0,hw-Weak_Hash_MD5,hw-Forbid_Synchronize_Concurrency_Object,hw-IO_Process_WaitFor,hw-XXE_DocumentBuilderFactory,hw-Weak_Encryption_Blowfish,hw-XXE_SAXBuilder,hw-Weak_Cryptographic_Hash_Salt,hw-XXE_SAXParserFactory,hw-Invalid_Read_From_Stream,hw-Zip_Entry_Size,hw-Weak_Hash_SHA1WithDSA,hw-Forbid_Catch_NullPointerException,hw-Forbid_Thread_Run,hw-Weak_Encryption_Inadequate_RSA_Padding,hw-Weak_Encryption_DES,hw-Weak_Hash_SHA1WithECDSA,hw-XXE_DocumentBuilderFactoryImpl,hw-Hardcoded_Password,hw-Weak_Encryption_Insecure_Mode_AES,hw-XXE_TransformerFactory,hw-Ignore_Returned_Value,hw-Weak_Hash_DSA,hw-Assertions_With_Side_Effects,hw-XXE_SAXReader,hw-Lock_Synchronized,hw-Insecure_Instance_Lock,-progress,-r,D:\JavaProject\.idea\code-check\originalReport\codemars\report\\SecFinder-J_errorreport_2022_10_17_15_48_37_334_42.xml,-ruleclasspath,file:///D:\JavaProject\.idea\code-check\originalReport\codemars\report\ruleclasspath.txt
2022-10-17 15:48:37.897 [Thread-1] INFO . - 15:48:37.894 [main] INFO com.huawei.secfinderj.SecFinderJ - SecFinder-J Version: 2.1.9
2022-10-17 15:48:37.982 [Thread-1] INFO . - 15:48:37.981 [main] INFO com.huawei.secfinderj.progress.ProgressReporter - SecFinder-J Output: Inspect start...
2022-10-17 15:48:38.015 [Thread-1] INFO . - 15:48:38.015 [main] INFO com.huawei.secfinderj.progress.ProgressReporter - SecFinder-J Output: Load checkers...
2022-10-17 15:48:38.312 [Thread-1] INFO . - 15:48:38.312 [main] INFO com.huawei.secfinderj.progress.ProgressReporter - SecFinder-J Output: Load config...
2022-10-17 15:48:38.419 [Thread-1] INFO . - 15:48:38.419 [main] INFO com.huawei.secfinderj.progress.ProgressReporter - SecFinder-J Output: step 1/4: Find files
2022-10-17 15:48:38.431 [Thread-1] INFO . - 15:48:38.431 [main] INFO com.huawei.secfinderj.progress.ProgressReporter - SecFinder-J Output: step 2/4: Process files
2022-10-17 15:48:38.599 [Thread-1] INFO . - 15:48:38.599 [main] INFO com.huawei.secfinderj.progress.ProgressReporter - SecFinder-J Output: step 3/4: Run analysis...
2022-10-17 15:48:38.606 [Thread-1] INFO . - 15:48:38.605 [SecFinder-J--Thread--1] INFO com.huawei.secfinderj.progress.ProgressReporter - SecFinder-J Output: during processing of [Solution.java]
2022-10-17 15:48:38.974 [Thread-1] INFO . - 15:48:38.973 [main] INFO com.huawei.secfinderj.progress.ProgressReporter - SecFinder-J Output: step 4/4: Result output...
2022-10-17 15:48:38.974 [Thread-1] INFO . - 15:48:38.974 [main] INFO com.huawei.secfinderj.progress.ProgressReporter - SecFinder-J Output: Inspect finish...
2022-10-17 15:48:38.974 [Thread-1] INFO . - 15:48:38.974 [main] INFO com.huawei.secfinderj.progress.ProgressReporter - Analysis result:
2022-10-17 15:48:38.974 [Thread-1] INFO . -     files analyzed      : 1
2022-10-17 15:48:38.974 [Thread-1] INFO . -     lines analyzed      : 19
2022-10-17 15:48:38.974 [Thread-1] INFO . -     rules used          : 63
2022-10-17 15:48:38.974 [Thread-1] INFO . -     issues detected     : 0
2022-10-17 15:48:38.974 [Thread-1] INFO . -     time cost(sec)      : 1
2022-10-17 15:48:38.974 [Thread-1] INFO . - 
2022-10-17 15:48:38.974 [Thread-1] INFO . - 
2022-10-17 15:48:38.974 [Thread-1] INFO . - 15:48:38.974 [main] INFO com.huawei.secfinderj.override.HwPmd - SecFinder-J run successed!
2022-10-17 15:48:39.035 [CodeMars1] INFO . - engineName: SecFinder-J, executeTime: 1446 
2022-10-17 15:48:39.040 [CodeMars1] INFO . - start parse errorreport xml : SecFinder-J_errorreport_2022_10_17_15_48_37_334_42.xml
2022-10-17 15:48:39.042 [CodeMars1] INFO . - parse xml time : 6
2022-10-17 15:48:39.042 [CodeMars1] INFO . - end parse errorreport xml
2022-10-17 15:48:39.047 [main] INFO . - end collecting report.
2022-10-17 15:48:39.070 [main] INFO . - end analyzing.
